<?xml version="1.0" encoding="UTF-8"?>
<coverage generated="1688633099402" clover="3.2.0">
  <project timestamp="1688633099402" name="All files">
    <metrics statements="128" coveredstatements="109" conditionals="74" coveredconditionals="60" methods="35" coveredmethods="33" elements="237" coveredelements="202" complexity="0" loc="128" ncloc="128" packages="9" files="13" classes="13"/>
    <package name="src">
      <metrics statements="18" coveredstatements="16" conditionals="2" coveredconditionals="1" methods="3" coveredmethods="3"/>
      <file name="App.js" path="/Users/lavishbagdia/Downloads/dog-breed-search/src/App.js">
        <metrics statements="4" coveredstatements="4" conditionals="0" coveredconditionals="0" methods="1" coveredmethods="1"/>
        <line num="9" count="2" type="stmt"/>
        <line num="10" count="2" type="stmt"/>
        <line num="11" count="2" type="stmt"/>
        <line num="12" count="2" type="stmt"/>
      </file>
      <file name="api.js" path="/Users/lavishbagdia/Downloads/dog-breed-search/src/api.js">
        <metrics statements="10" coveredstatements="10" conditionals="2" coveredconditionals="1" methods="2" coveredmethods="2"/>
        <line num="5" count="6" type="stmt"/>
        <line num="6" count="3" type="stmt"/>
        <line num="7" count="3" type="stmt"/>
        <line num="10" count="1" type="stmt"/>
        <line num="12" count="1" type="stmt"/>
        <line num="15" count="6" type="stmt"/>
        <line num="16" count="3" type="stmt"/>
        <line num="17" count="3" type="cond" truecount="1" falsecount="1"/>
        <line num="18" count="3" type="stmt"/>
        <line num="21" count="1" type="stmt"/>
      </file>
      <file name="constants.js" path="/Users/lavishbagdia/Downloads/dog-breed-search/src/constants.js">
        <metrics statements="1" coveredstatements="1" conditionals="0" coveredconditionals="0" methods="0" coveredmethods="0"/>
        <line num="1" count="8" type="stmt"/>
      </file>
      <file name="index.js" path="/Users/lavishbagdia/Downloads/dog-breed-search/src/index.js">
        <metrics statements="2" coveredstatements="0" conditionals="0" coveredconditionals="0" methods="0" coveredmethods="0"/>
        <line num="7" count="0" type="stmt"/>
        <line num="8" count="0" type="stmt"/>
      </file>
      <file name="store.js" path="/Users/lavishbagdia/Downloads/dog-breed-search/src/store.js">
        <metrics statements="1" coveredstatements="1" conditionals="0" coveredconditionals="0" methods="0" coveredmethods="0"/>
        <line num="6" count="2" type="stmt"/>
      </file>
    </package>
    <package name="src.actions">
      <metrics statements="30" coveredstatements="26" conditionals="12" coveredconditionals="8" methods="9" coveredmethods="9"/>
      <file name="searchActions.js" path="/Users/lavishbagdia/Downloads/dog-breed-search/src/actions/searchActions.js">
        <metrics statements="30" coveredstatements="26" conditionals="12" coveredconditionals="8" methods="9" coveredmethods="9"/>
        <line num="5" count="5" type="stmt"/>
        <line num="6" count="5" type="stmt"/>
        <line num="7" count="5" type="stmt"/>
        <line num="9" count="5" type="stmt"/>
        <line num="13" count="5" type="stmt"/>
        <line num="18" count="5" type="stmt"/>
        <line num="23" count="5" type="stmt"/>
        <line num="24" count="4" type="stmt"/>
        <line num="25" count="3" type="stmt"/>
        <line num="26" count="3" type="stmt"/>
        <line num="27" count="3" type="stmt"/>
        <line num="28" count="1" type="stmt"/>
        <line num="30" count="2" type="stmt"/>
        <line num="36" count="1" type="stmt"/>
        <line num="41" count="5" type="stmt"/>
        <line num="42" count="3" type="stmt"/>
        <line num="43" count="3" type="stmt"/>
        <line num="46" count="3" type="cond" truecount="2" falsecount="0"/>
        <line num="47" count="2" type="cond" truecount="2" falsecount="0"/>
        <line num="48" count="1" type="stmt"/>
        <line num="50" count="1" type="cond" truecount="1" falsecount="1"/>
        <line num="51" count="1" type="stmt"/>
        <line num="53" count="0" type="stmt"/>
        <line num="54" count="1" type="cond" truecount="1" falsecount="1"/>
        <line num="55" count="1" type="cond" truecount="1" falsecount="1"/>
        <line num="56" count="0" type="stmt"/>
        <line num="58" count="1" type="cond" truecount="1" falsecount="1"/>
        <line num="59" count="1" type="stmt"/>
        <line num="61" count="0" type="stmt"/>
        <line num="63" count="0" type="stmt"/>
      </file>
    </package>
    <package name="src.components.BreedData">
      <metrics statements="6" coveredstatements="5" conditionals="11" coveredconditionals="10" methods="5" coveredmethods="4"/>
      <file name="BreedData.js" path="/Users/lavishbagdia/Downloads/dog-breed-search/src/components/BreedData/BreedData.js">
        <metrics statements="6" coveredstatements="5" conditionals="11" coveredconditionals="10" methods="5" coveredmethods="4"/>
        <line num="4" count="3" type="stmt"/>
        <line num="5" count="5" type="stmt"/>
        <line num="6" count="5" type="stmt"/>
        <line num="7" count="5" type="stmt"/>
        <line num="8" count="5" type="stmt"/>
        <line num="13" count="0" type="stmt"/>
      </file>
    </package>
    <package name="src.components.BreedRow">
      <metrics statements="9" coveredstatements="8" conditionals="20" coveredconditionals="18" methods="2" coveredmethods="2"/>
      <file name="BreedRow.js" path="/Users/lavishbagdia/Downloads/dog-breed-search/src/components/BreedRow/BreedRow.js">
        <metrics statements="9" coveredstatements="8" conditionals="20" coveredconditionals="18" methods="2" coveredmethods="2"/>
        <line num="7" count="3" type="stmt"/>
        <line num="8" count="1" type="stmt"/>
        <line num="10" count="1" type="stmt"/>
        <line num="11" count="1" type="stmt"/>
        <line num="12" count="1" type="stmt"/>
        <line num="13" count="0" type="stmt"/>
        <line num="16" count="1" type="cond" truecount="3" falsecount="1"/>
        <line num="17" count="1" type="stmt"/>
        <line num="20" count="1" type="stmt"/>
      </file>
    </package>
    <package name="src.components.ImageWithLoader">
      <metrics statements="4" coveredstatements="4" conditionals="4" coveredconditionals="4" methods="2" coveredmethods="2"/>
      <file name="ImageWithLoader.js" path="/Users/lavishbagdia/Downloads/dog-breed-search/src/components/ImageWithLoader/ImageWithLoader.js">
        <metrics statements="4" coveredstatements="4" conditionals="4" coveredconditionals="4" methods="2" coveredmethods="2"/>
        <line num="4" count="4" type="stmt"/>
        <line num="5" count="3" type="stmt"/>
        <line num="6" count="3" type="stmt"/>
        <line num="15" count="1" type="stmt"/>
      </file>
    </package>
    <package name="src.components.SearchInput">
      <metrics statements="10" coveredstatements="9" conditionals="0" coveredconditionals="0" methods="3" coveredmethods="2"/>
      <file name="SearchInput.js" path="/Users/lavishbagdia/Downloads/dog-breed-search/src/components/SearchInput/SearchInput.js">
        <metrics statements="10" coveredstatements="9" conditionals="0" coveredconditionals="0" methods="3" coveredmethods="2"/>
        <line num="7" count="3" type="stmt"/>
        <line num="8" count="5" type="stmt"/>
        <line num="9" count="5" type="stmt"/>
        <line num="11" count="5" type="stmt"/>
        <line num="12" count="0" type="stmt"/>
        <line num="14" count="5" type="stmt"/>
        <line num="15" count="1" type="stmt"/>
        <line num="16" count="1" type="stmt"/>
        <line num="17" count="1" type="stmt"/>
        <line num="19" count="5" type="stmt"/>
      </file>
    </package>
    <package name="src.components.SortMenu">
      <metrics statements="35" coveredstatements="25" conditionals="16" coveredconditionals="10" methods="9" coveredmethods="9"/>
      <file name="SortMenu.js" path="/Users/lavishbagdia/Downloads/dog-breed-search/src/components/SortMenu/SortMenu.js">
        <metrics statements="35" coveredstatements="25" conditionals="16" coveredconditionals="10" methods="9" coveredmethods="9"/>
        <line num="14" count="3" type="stmt"/>
        <line num="15" count="12" type="stmt"/>
        <line num="17" count="12" type="stmt"/>
        <line num="44" count="12" type="stmt"/>
        <line num="45" count="12" type="stmt"/>
        <line num="46" count="12" type="stmt"/>
        <line num="47" count="12" type="stmt"/>
        <line num="48" count="12" type="stmt"/>
        <line num="50" count="12" type="stmt"/>
        <line num="51" count="2" type="stmt"/>
        <line num="52" count="2" type="stmt"/>
        <line num="53" count="2" type="stmt"/>
        <line num="54" count="2" type="stmt"/>
        <line num="56" count="12" type="stmt"/>
        <line num="57" count="3" type="stmt"/>
        <line num="58" count="3" type="stmt"/>
        <line num="62" count="12" type="stmt"/>
        <line num="63" count="2" type="cond" truecount="1" falsecount="5"/>
        <line num="65" count="2" type="stmt"/>
        <line num="66" count="2" type="stmt"/>
        <line num="69" count="0" type="stmt"/>
        <line num="70" count="0" type="stmt"/>
        <line num="73" count="0" type="stmt"/>
        <line num="74" count="0" type="stmt"/>
        <line num="77" count="0" type="stmt"/>
        <line num="78" count="0" type="stmt"/>
        <line num="81" count="0" type="stmt"/>
        <line num="82" count="0" type="stmt"/>
        <line num="85" count="0" type="stmt"/>
        <line num="89" count="12" type="stmt"/>
        <line num="90" count="1" type="cond" truecount="3" falsecount="1"/>
        <line num="91" count="0" type="stmt"/>
        <line num="94" count="12" type="stmt"/>
        <line num="126" count="60" type="stmt"/>
        <line num="128" count="2" type="stmt"/>
      </file>
    </package>
    <package name="src.model">
      <metrics statements="9" coveredstatements="9" conditionals="4" coveredconditionals="4" methods="1" coveredmethods="1"/>
      <file name="breed.js" path="/Users/lavishbagdia/Downloads/dog-breed-search/src/model/breed.js">
        <metrics statements="9" coveredstatements="9" conditionals="4" coveredconditionals="4" methods="1" coveredmethods="1"/>
        <line num="3" count="14" type="stmt"/>
        <line num="4" count="14" type="stmt"/>
        <line num="5" count="14" type="stmt"/>
        <line num="6" count="14" type="stmt"/>
        <line num="7" count="14" type="stmt"/>
        <line num="8" count="14" type="stmt"/>
        <line num="11" count="14" type="stmt"/>
        <line num="12" count="14" type="stmt"/>
        <line num="14" count="14" type="stmt"/>
      </file>
    </package>
    <package name="src.reducers">
      <metrics statements="7" coveredstatements="7" conditionals="5" coveredconditionals="5" methods="1" coveredmethods="1"/>
      <file name="searchReducer.js" path="/Users/lavishbagdia/Downloads/dog-breed-search/src/reducers/searchReducer.js">
        <metrics statements="7" coveredstatements="7" conditionals="5" coveredconditionals="5" methods="1" coveredmethods="1"/>
        <line num="6" count="3" type="stmt"/>
        <line num="12" count="3" type="cond" truecount="1" falsecount="0"/>
        <line num="13" count="9" type="cond" truecount="4" falsecount="0"/>
        <line num="15" count="2" type="stmt"/>
        <line num="21" count="1" type="stmt"/>
        <line num="28" count="1" type="stmt"/>
        <line num="35" count="5" type="stmt"/>
      </file>
    </package>
  </project>
</coverage>
