{"/Users/lavishbagdia/Downloads/dog-breed-search/src/App.js": {"path":"/Users/lavishbagdia/Downloads/dog-breed-search/src/App.js","statementMap":{"0":{"start":{"line":9,"column":12},"end":{"line":21,"column":1}},"1":{"start":{"line":10,"column":19},"end":{"line":10,"column":32}},"2":{"start":{"line":11,"column":2},"end":{"line":11,"column":30}},"3":{"start":{"line":12,"column":2},"end":{"line":20,"column":4}}},"fnMap":{"0":{"name":"(anonymous_0)","decl":{"start":{"line":9,"column":12},"end":{"line":9,"column":13}},"loc":{"start":{"line":9,"column":18},"end":{"line":21,"column":1}},"line":9}},"branchMap":{},"s":{"0":2,"1":2,"2":2,"3":2},"f":{"0":2},"b":{},"_coverageSchema":"1a1c01bbd47fc00a2c39e90264f33305004495a9","hash":"dbfe4be2df0c548ab4530ee7d9bdfb0d04905960"}
,"/Users/lavishbagdia/Downloads/dog-breed-search/src/api.js": {"path":"/Users/lavishbagdia/Downloads/dog-breed-search/src/api.js","statementMap":{"0":{"start":{"line":5,"column":28},"end":{"line":14,"column":1}},"1":{"start":{"line":6,"column":2},"end":{"line":13,"column":3}},"2":{"start":{"line":7,"column":21},"end":{"line":9,"column":5}},"3":{"start":{"line":10,"column":4},"end":{"line":10,"column":25}},"4":{"start":{"line":12,"column":4},"end":{"line":12,"column":60}},"5":{"start":{"line":15,"column":29},"end":{"line":26,"column":1}},"6":{"start":{"line":16,"column":2},"end":{"line":25,"column":20}},"7":{"start":{"line":17,"column":4},"end":{"line":22,"column":5}},"8":{"start":{"line":18,"column":23},"end":{"line":20,"column":7}},"9":{"start":{"line":21,"column":6},"end":{"line":21,"column":31}}},"fnMap":{"0":{"name":"(anonymous_0)","decl":{"start":{"line":5,"column":28},"end":{"line":5,"column":29}},"loc":{"start":{"line":5,"column":45},"end":{"line":14,"column":1}},"line":5},"1":{"name":"(anonymous_1)","decl":{"start":{"line":15,"column":29},"end":{"line":15,"column":30}},"loc":{"start":{"line":15,"column":48},"end":{"line":26,"column":1}},"line":15}},"branchMap":{"0":{"loc":{"start":{"line":17,"column":4},"end":{"line":22,"column":5}},"type":"if","locations":[{"start":{"line":17,"column":4},"end":{"line":22,"column":5}},{"start":{},"end":{}}],"line":17}},"s":{"0":6,"1":3,"2":3,"3":1,"4":1,"5":6,"6":3,"7":3,"8":3,"9":1},"f":{"0":3,"1":3},"b":{"0":[3,0]},"_coverageSchema":"1a1c01bbd47fc00a2c39e90264f33305004495a9","hash":"87a096dfacbdc4496c6aece431c4c209d9fb7a00"}
,"/Users/lavishbagdia/Downloads/dog-breed-search/src/constants.js": {"path":"/Users/lavishbagdia/Downloads/dog-breed-search/src/constants.js","statementMap":{"0":{"start":{"line":1,"column":18},"end":{"line":20,"column":1}}},"fnMap":{},"branchMap":{},"s":{"0":8},"f":{},"b":{},"_coverageSchema":"1a1c01bbd47fc00a2c39e90264f33305004495a9","hash":"8ed1054a7c4f97790d1edb3a7efa1e92f2f7c324"}
,"/Users/lavishbagdia/Downloads/dog-breed-search/src/index.js": {"path":"/Users/lavishbagdia/Downloads/dog-breed-search/src/index.js","statementMap":{"0":{"start":{"line":7,"column":13},"end":{"line":7,"column":65}},"1":{"start":{"line":8,"column":0},"end":{"line":12,"column":2}}},"fnMap":{},"branchMap":{},"s":{"0":0,"1":0},"f":{},"b":{}}
,"/Users/lavishbagdia/Downloads/dog-breed-search/src/store.js": {"path":"/Users/lavishbagdia/Downloads/dog-breed-search/src/store.js","statementMap":{"0":{"start":{"line":6,"column":14},"end":{"line":6,"column":64}}},"fnMap":{},"branchMap":{},"s":{"0":2},"f":{},"b":{},"_coverageSchema":"1a1c01bbd47fc00a2c39e90264f33305004495a9","hash":"9c46f03e196b6585fd97d5656625e56e4c1b466a"}
,"/Users/lavishbagdia/Downloads/dog-breed-search/src/actions/searchActions.js": {"path":"/Users/lavishbagdia/Downloads/dog-breed-search/src/actions/searchActions.js","statementMap":{"0":{"start":{"line":5,"column":30},"end":{"line":5,"column":46}},"1":{"start":{"line":6,"column":30},"end":{"line":6,"column":46}},"2":{"start":{"line":7,"column":30},"end":{"line":7,"column":46}},"3":{"start":{"line":9,"column":29},"end":{"line":11,"column":2}},"4":{"start":{"line":9,"column":36},"end":{"line":11,"column":1}},"5":{"start":{"line":13,"column":23},"end":{"line":16,"column":2}},"6":{"start":{"line":13,"column":37},"end":{"line":16,"column":1}},"7":{"start":{"line":18,"column":29},"end":{"line":21,"column":2}},"8":{"start":{"line":18,"column":41},"end":{"line":21,"column":1}},"9":{"start":{"line":23,"column":29},"end":{"line":39,"column":1}},"10":{"start":{"line":24,"column":2},"end":{"line":38,"column":4}},"11":{"start":{"line":25,"column":4},"end":{"line":25,"column":30}},"12":{"start":{"line":26,"column":4},"end":{"line":37,"column":5}},"13":{"start":{"line":27,"column":22},"end":{"line":27,"column":47}},"14":{"start":{"line":28,"column":6},"end":{"line":34,"column":8}},"15":{"start":{"line":30,"column":34},"end":{"line":30,"column":51}},"16":{"start":{"line":36,"column":6},"end":{"line":36,"column":45}},"17":{"start":{"line":41,"column":23},"end":{"line":68,"column":1}},"18":{"start":{"line":42,"column":2},"end":{"line":67,"column":4}},"19":{"start":{"line":43,"column":4},"end":{"line":66,"column":6}},"20":{"start":{"line":46,"column":10},"end":{"line":62,"column":11}},"21":{"start":{"line":47,"column":12},"end":{"line":49,"column":13}},"22":{"start":{"line":48,"column":14},"end":{"line":48,"column":24}},"23":{"start":{"line":50,"column":12},"end":{"line":52,"column":13}},"24":{"start":{"line":51,"column":14},"end":{"line":51,"column":23}},"25":{"start":{"line":53,"column":12},"end":{"line":53,"column":21}},"26":{"start":{"line":54,"column":17},"end":{"line":62,"column":11}},"27":{"start":{"line":55,"column":12},"end":{"line":57,"column":13}},"28":{"start":{"line":56,"column":14},"end":{"line":56,"column":23}},"29":{"start":{"line":58,"column":12},"end":{"line":60,"column":13}},"30":{"start":{"line":59,"column":14},"end":{"line":59,"column":24}},"31":{"start":{"line":61,"column":12},"end":{"line":61,"column":21}},"32":{"start":{"line":63,"column":10},"end":{"line":63,"column":19}}},"fnMap":{"0":{"name":"(anonymous_0)","decl":{"start":{"line":9,"column":29},"end":{"line":9,"column":30}},"loc":{"start":{"line":9,"column":36},"end":{"line":11,"column":1}},"line":9},"1":{"name":"(anonymous_1)","decl":{"start":{"line":13,"column":23},"end":{"line":13,"column":24}},"loc":{"start":{"line":13,"column":37},"end":{"line":16,"column":1}},"line":13},"2":{"name":"(anonymous_2)","decl":{"start":{"line":18,"column":29},"end":{"line":18,"column":30}},"loc":{"start":{"line":18,"column":41},"end":{"line":21,"column":1}},"line":18},"3":{"name":"(anonymous_3)","decl":{"start":{"line":23,"column":29},"end":{"line":23,"column":30}},"loc":{"start":{"line":23,"column":40},"end":{"line":39,"column":1}},"line":23},"4":{"name":"(anonymous_4)","decl":{"start":{"line":24,"column":9},"end":{"line":24,"column":10}},"loc":{"start":{"line":24,"column":29},"end":{"line":38,"column":3}},"line":24},"5":{"name":"(anonymous_5)","decl":{"start":{"line":30,"column":22},"end":{"line":30,"column":23}},"loc":{"start":{"line":30,"column":34},"end":{"line":30,"column":51}},"line":30},"6":{"name":"(anonymous_6)","decl":{"start":{"line":41,"column":23},"end":{"line":41,"column":24}},"loc":{"start":{"line":41,"column":53},"end":{"line":68,"column":1}},"line":41},"7":{"name":"(anonymous_7)","decl":{"start":{"line":42,"column":9},"end":{"line":42,"column":10}},"loc":{"start":{"line":42,"column":29},"end":{"line":67,"column":3}},"line":42},"8":{"name":"(anonymous_8)","decl":{"start":{"line":45,"column":23},"end":{"line":45,"column":24}},"loc":{"start":{"line":45,"column":33},"end":{"line":64,"column":9}},"line":45}},"branchMap":{"0":{"loc":{"start":{"line":46,"column":10},"end":{"line":62,"column":11}},"type":"if","locations":[{"start":{"line":46,"column":10},"end":{"line":62,"column":11}},{"start":{"line":54,"column":17},"end":{"line":62,"column":11}}],"line":46},"1":{"loc":{"start":{"line":47,"column":12},"end":{"line":49,"column":13}},"type":"if","locations":[{"start":{"line":47,"column":12},"end":{"line":49,"column":13}},{"start":{},"end":{}}],"line":47},"2":{"loc":{"start":{"line":50,"column":12},"end":{"line":52,"column":13}},"type":"if","locations":[{"start":{"line":50,"column":12},"end":{"line":52,"column":13}},{"start":{},"end":{}}],"line":50},"3":{"loc":{"start":{"line":54,"column":17},"end":{"line":62,"column":11}},"type":"if","locations":[{"start":{"line":54,"column":17},"end":{"line":62,"column":11}},{"start":{},"end":{}}],"line":54},"4":{"loc":{"start":{"line":55,"column":12},"end":{"line":57,"column":13}},"type":"if","locations":[{"start":{"line":55,"column":12},"end":{"line":57,"column":13}},{"start":{},"end":{}}],"line":55},"5":{"loc":{"start":{"line":58,"column":12},"end":{"line":60,"column":13}},"type":"if","locations":[{"start":{"line":58,"column":12},"end":{"line":60,"column":13}},{"start":{},"end":{}}],"line":58}},"s":{"0":5,"1":5,"2":5,"3":5,"4":4,"5":5,"6":4,"7":5,"8":2,"9":5,"10":4,"11":3,"12":3,"13":3,"14":1,"15":2,"16":1,"17":5,"18":3,"19":3,"20":3,"21":2,"22":1,"23":1,"24":1,"25":0,"26":1,"27":1,"28":0,"29":1,"30":1,"31":0,"32":0},"f":{"0":4,"1":4,"2":2,"3":4,"4":3,"5":2,"6":3,"7":3,"8":3},"b":{"0":[2,1],"1":[1,1],"2":[1,0],"3":[1,0],"4":[0,1],"5":[1,0]},"_coverageSchema":"1a1c01bbd47fc00a2c39e90264f33305004495a9","hash":"c7f4b107a321e0400324dab20f91f0f4e4a7aae5"}
,"/Users/lavishbagdia/Downloads/dog-breed-search/src/components/BreedData/BreedData.js": {"path":"/Users/lavishbagdia/Downloads/dog-breed-search/src/components/BreedData/BreedData.js","statementMap":{"0":{"start":{"line":4,"column":18},"end":{"line":24,"column":1}},"1":{"start":{"line":5,"column":17},"end":{"line":5,"column":53}},"2":{"start":{"line":5,"column":40},"end":{"line":5,"column":52}},"3":{"start":{"line":6,"column":18},"end":{"line":6,"column":55}},"4":{"start":{"line":6,"column":41},"end":{"line":6,"column":54}},"5":{"start":{"line":7,"column":16},"end":{"line":7,"column":51}},"6":{"start":{"line":7,"column":39},"end":{"line":7,"column":50}},"7":{"start":{"line":8,"column":2},"end":{"line":23,"column":4}},"8":{"start":{"line":13,"column":8},"end":{"line":17,"column":10}}},"fnMap":{"0":{"name":"(anonymous_0)","decl":{"start":{"line":4,"column":18},"end":{"line":4,"column":19}},"loc":{"start":{"line":4,"column":24},"end":{"line":24,"column":1}},"line":4},"1":{"name":"(anonymous_1)","decl":{"start":{"line":5,"column":29},"end":{"line":5,"column":30}},"loc":{"start":{"line":5,"column":40},"end":{"line":5,"column":52}},"line":5},"2":{"name":"(anonymous_2)","decl":{"start":{"line":6,"column":30},"end":{"line":6,"column":31}},"loc":{"start":{"line":6,"column":41},"end":{"line":6,"column":54}},"line":6},"3":{"name":"(anonymous_3)","decl":{"start":{"line":7,"column":28},"end":{"line":7,"column":29}},"loc":{"start":{"line":7,"column":39},"end":{"line":7,"column":50}},"line":7},"4":{"name":"(anonymous_4)","decl":{"start":{"line":12,"column":47},"end":{"line":12,"column":48}},"loc":{"start":{"line":12,"column":59},"end":{"line":18,"column":7}},"line":12}},"branchMap":{"0":{"loc":{"start":{"line":10,"column":7},"end":{"line":10,"column":39}},"type":"binary-expr","locations":[{"start":{"line":10,"column":7},"end":{"line":10,"column":14}},{"start":{"line":10,"column":18},"end":{"line":10,"column":39}}],"line":10},"1":{"loc":{"start":{"line":11,"column":7},"end":{"line":11,"column":34}},"type":"binary-expr","locations":[{"start":{"line":11,"column":7},"end":{"line":11,"column":12}},{"start":{"line":11,"column":16},"end":{"line":11,"column":34}}],"line":11},"2":{"loc":{"start":{"line":12,"column":7},"end":{"line":18,"column":8}},"type":"binary-expr","locations":[{"start":{"line":12,"column":7},"end":{"line":12,"column":13}},{"start":{"line":12,"column":17},"end":{"line":12,"column":32}},{"start":{"line":12,"column":36},"end":{"line":18,"column":8}}],"line":12},"3":{"loc":{"start":{"line":19,"column":7},"end":{"line":21,"column":7}},"type":"binary-expr","locations":[{"start":{"line":19,"column":7},"end":{"line":19,"column":15}},{"start":{"line":19,"column":19},"end":{"line":19,"column":25}},{"start":{"line":19,"column":29},"end":{"line":19,"column":48}},{"start":{"line":20,"column":8},"end":{"line":20,"column":63}}],"line":19}},"s":{"0":3,"1":5,"2":2,"3":5,"4":2,"5":5,"6":2,"7":5,"8":0},"f":{"0":5,"1":2,"2":2,"3":2,"4":0},"b":{"0":[5,2],"1":[5,1],"2":[5,5,0],"3":[5,3,3,3]},"_coverageSchema":"1a1c01bbd47fc00a2c39e90264f33305004495a9","hash":"aaee1d7b9be57c9b6977ddbbdc130965cf865bac"}
,"/Users/lavishbagdia/Downloads/dog-breed-search/src/components/BreedRow/BreedRow.js": {"path":"/Users/lavishbagdia/Downloads/dog-breed-search/src/components/BreedRow/BreedRow.js","statementMap":{"0":{"start":{"line":7,"column":17},"end":{"line":69,"column":1}},"1":{"start":{"line":8,"column":34},"end":{"line":8,"column":48}},"2":{"start":{"line":10,"column":19},"end":{"line":15,"column":3}},"3":{"start":{"line":11,"column":4},"end":{"line":14,"column":22}},"4":{"start":{"line":12,"column":18},"end":{"line":12,"column":46}},"5":{"start":{"line":13,"column":6},"end":{"line":13,"column":23}},"6":{"start":{"line":16,"column":2},"end":{"line":18,"column":3}},"7":{"start":{"line":17,"column":4},"end":{"line":17,"column":33}},"8":{"start":{"line":20,"column":2},"end":{"line":68,"column":4}}},"fnMap":{"0":{"name":"(anonymous_0)","decl":{"start":{"line":7,"column":17},"end":{"line":7,"column":18}},"loc":{"start":{"line":7,"column":28},"end":{"line":69,"column":1}},"line":7},"1":{"name":"(anonymous_1)","decl":{"start":{"line":10,"column":19},"end":{"line":10,"column":20}},"loc":{"start":{"line":10,"column":38},"end":{"line":15,"column":3}},"line":10}},"branchMap":{"0":{"loc":{"start":{"line":16,"column":2},"end":{"line":18,"column":3}},"type":"if","locations":[{"start":{"line":16,"column":2},"end":{"line":18,"column":3}},{"start":{},"end":{}}],"line":16},"1":{"loc":{"start":{"line":16,"column":5},"end":{"line":16,"column":52}},"type":"binary-expr","locations":[{"start":{"line":16,"column":5},"end":{"line":16,"column":14}},{"start":{"line":16,"column":18},"end":{"line":16,"column":52}}],"line":16},"2":{"loc":{"start":{"line":23,"column":9},"end":{"line":27,"column":9}},"type":"cond-expr","locations":[{"start":{"line":24,"column":10},"end":{"line":24,"column":44}},{"start":{"line":26,"column":10},"end":{"line":26,"column":71}}],"line":23},"3":{"loc":{"start":{"line":23,"column":9},"end":{"line":23,"column":39}},"type":"binary-expr","locations":[{"start":{"line":23,"column":9},"end":{"line":23,"column":27}},{"start":{"line":23,"column":31},"end":{"line":23,"column":39}}],"line":23},"4":{"loc":{"start":{"line":30,"column":9},"end":{"line":35,"column":9}},"type":"binary-expr","locations":[{"start":{"line":30,"column":9},"end":{"line":30,"column":24}},{"start":{"line":31,"column":10},"end":{"line":34,"column":17}}],"line":30},"5":{"loc":{"start":{"line":36,"column":9},"end":{"line":41,"column":9}},"type":"binary-expr","locations":[{"start":{"line":36,"column":9},"end":{"line":36,"column":30}},{"start":{"line":37,"column":10},"end":{"line":40,"column":17}}],"line":36},"6":{"loc":{"start":{"line":42,"column":9},"end":{"line":47,"column":9}},"type":"binary-expr","locations":[{"start":{"line":42,"column":9},"end":{"line":42,"column":28}},{"start":{"line":43,"column":10},"end":{"line":46,"column":17}}],"line":42},"7":{"loc":{"start":{"line":48,"column":9},"end":{"line":53,"column":9}},"type":"binary-expr","locations":[{"start":{"line":48,"column":9},"end":{"line":48,"column":26}},{"start":{"line":49,"column":10},"end":{"line":52,"column":17}}],"line":48},"8":{"loc":{"start":{"line":54,"column":9},"end":{"line":59,"column":9}},"type":"binary-expr","locations":[{"start":{"line":54,"column":9},"end":{"line":54,"column":31}},{"start":{"line":55,"column":10},"end":{"line":58,"column":17}}],"line":54},"9":{"loc":{"start":{"line":60,"column":9},"end":{"line":65,"column":9}},"type":"binary-expr","locations":[{"start":{"line":60,"column":9},"end":{"line":60,"column":26}},{"start":{"line":61,"column":10},"end":{"line":64,"column":17}}],"line":60}},"s":{"0":3,"1":1,"2":1,"3":1,"4":1,"5":0,"6":1,"7":1,"8":1},"f":{"0":1,"1":1},"b":{"0":[1,0],"1":[1,1],"2":[0,1],"3":[1,1],"4":[1,1],"5":[1,1],"6":[1,1],"7":[1,1],"8":[1,1],"9":[1,1]},"_coverageSchema":"1a1c01bbd47fc00a2c39e90264f33305004495a9","hash":"bb43f6e79ac968200dd9731f6bdeba3d42f08620"}
,"/Users/lavishbagdia/Downloads/dog-breed-search/src/components/ImageWithLoader/ImageWithLoader.js": {"path":"/Users/lavishbagdia/Downloads/dog-breed-search/src/components/ImageWithLoader/ImageWithLoader.js","statementMap":{"0":{"start":{"line":4,"column":24},"end":{"line":20,"column":1}},"1":{"start":{"line":5,"column":30},"end":{"line":5,"column":45}},"2":{"start":{"line":6,"column":2},"end":{"line":19,"column":4}},"3":{"start":{"line":15,"column":22},"end":{"line":15,"column":37}}},"fnMap":{"0":{"name":"(anonymous_0)","decl":{"start":{"line":4,"column":24},"end":{"line":4,"column":25}},"loc":{"start":{"line":4,"column":37},"end":{"line":20,"column":1}},"line":4},"1":{"name":"(anonymous_1)","decl":{"start":{"line":15,"column":16},"end":{"line":15,"column":17}},"loc":{"start":{"line":15,"column":22},"end":{"line":15,"column":37}},"line":15}},"branchMap":{"0":{"loc":{"start":{"line":8,"column":7},"end":{"line":10,"column":7}},"type":"cond-expr","locations":[{"start":{"line":8,"column":16},"end":{"line":8,"column":20}},{"start":{"line":9,"column":8},"end":{"line":9,"column":69}}],"line":8},"1":{"loc":{"start":{"line":13,"column":15},"end":{"line":13,"column":65}},"type":"cond-expr","locations":[{"start":{"line":13,"column":24},"end":{"line":13,"column":43}},{"start":{"line":13,"column":46},"end":{"line":13,"column":65}}],"line":13}},"s":{"0":4,"1":3,"2":3,"3":1},"f":{"0":3,"1":1},"b":{"0":[1,2],"1":[1,2]},"_coverageSchema":"1a1c01bbd47fc00a2c39e90264f33305004495a9","hash":"9ffc0b1b276caf63592db9b6c7610da043f02802"}
,"/Users/lavishbagdia/Downloads/dog-breed-search/src/components/SearchInput/SearchInput.js": {"path":"/Users/lavishbagdia/Downloads/dog-breed-search/src/components/SearchInput/SearchInput.js","statementMap":{"0":{"start":{"line":7,"column":20},"end":{"line":31,"column":1}},"1":{"start":{"line":8,"column":19},"end":{"line":8,"column":32}},"2":{"start":{"line":9,"column":40},"end":{"line":9,"column":52}},"3":{"start":{"line":11,"column":26},"end":{"line":13,"column":10}},"4":{"start":{"line":12,"column":4},"end":{"line":12,"column":35}},"5":{"start":{"line":14,"column":28},"end":{"line":18,"column":3}},"6":{"start":{"line":15,"column":18},"end":{"line":15,"column":36}},"7":{"start":{"line":16,"column":4},"end":{"line":16,"column":26}},"8":{"start":{"line":17,"column":4},"end":{"line":17,"column":27}},"9":{"start":{"line":19,"column":2},"end":{"line":30,"column":4}}},"fnMap":{"0":{"name":"(anonymous_0)","decl":{"start":{"line":7,"column":20},"end":{"line":7,"column":21}},"loc":{"start":{"line":7,"column":26},"end":{"line":31,"column":1}},"line":7},"1":{"name":"(anonymous_1)","decl":{"start":{"line":11,"column":35},"end":{"line":11,"column":36}},"loc":{"start":{"line":11,"column":46},"end":{"line":13,"column":3}},"line":11},"2":{"name":"(anonymous_2)","decl":{"start":{"line":14,"column":28},"end":{"line":14,"column":29}},"loc":{"start":{"line":14,"column":39},"end":{"line":18,"column":3}},"line":14}},"branchMap":{},"s":{"0":3,"1":5,"2":5,"3":5,"4":0,"5":5,"6":1,"7":1,"8":1,"9":5},"f":{"0":5,"1":0,"2":1},"b":{},"_coverageSchema":"1a1c01bbd47fc00a2c39e90264f33305004495a9","hash":"8bcda34454e06118cbb29c7d1f4a4a6a3f76826f"}
,"/Users/lavishbagdia/Downloads/dog-breed-search/src/components/SortMenu/SortMenu.js": {"path":"/Users/lavishbagdia/Downloads/dog-breed-search/src/components/SortMenu/SortMenu.js","statementMap":{"0":{"start":{"line":14,"column":17},"end":{"line":137,"column":1}},"1":{"start":{"line":15,"column":19},"end":{"line":15,"column":32}},"2":{"start":{"line":17,"column":18},"end":{"line":43,"column":3}},"3":{"start":{"line":44,"column":34},"end":{"line":44,"column":48}},"4":{"start":{"line":45,"column":54},"end":{"line":45,"column":77}},"5":{"start":{"line":46,"column":26},"end":{"line":46,"column":41}},"6":{"start":{"line":47,"column":18},"end":{"line":47,"column":55}},"7":{"start":{"line":47,"column":41},"end":{"line":47,"column":54}},"8":{"start":{"line":48,"column":17},"end":{"line":48,"column":53}},"9":{"start":{"line":48,"column":40},"end":{"line":48,"column":52}},"10":{"start":{"line":50,"column":30},"end":{"line":55,"column":3}},"11":{"start":{"line":51,"column":4},"end":{"line":51,"column":48}},"12":{"start":{"line":52,"column":4},"end":{"line":52,"column":31}},"13":{"start":{"line":53,"column":4},"end":{"line":53,"column":19}},"14":{"start":{"line":54,"column":4},"end":{"line":54,"column":22}},"15":{"start":{"line":56,"column":22},"end":{"line":60,"column":3}},"16":{"start":{"line":57,"column":4},"end":{"line":57,"column":19}},"17":{"start":{"line":58,"column":4},"end":{"line":58,"column":37}},"18":{"start":{"line":62,"column":15},"end":{"line":88,"column":3}},"19":{"start":{"line":63,"column":4},"end":{"line":87,"column":5}},"20":{"start":{"line":65,"column":8},"end":{"line":65,"column":77}},"21":{"start":{"line":66,"column":8},"end":{"line":66,"column":14}},"22":{"start":{"line":69,"column":8},"end":{"line":69,"column":78}},"23":{"start":{"line":70,"column":8},"end":{"line":70,"column":14}},"24":{"start":{"line":73,"column":8},"end":{"line":73,"column":71}},"25":{"start":{"line":74,"column":8},"end":{"line":74,"column":14}},"26":{"start":{"line":77,"column":8},"end":{"line":77,"column":72}},"27":{"start":{"line":78,"column":8},"end":{"line":78,"column":14}},"28":{"start":{"line":81,"column":8},"end":{"line":81,"column":72}},"29":{"start":{"line":82,"column":8},"end":{"line":82,"column":14}},"30":{"start":{"line":85,"column":8},"end":{"line":85,"column":14}},"31":{"start":{"line":89,"column":23},"end":{"line":93,"column":3}},"32":{"start":{"line":90,"column":4},"end":{"line":92,"column":5}},"33":{"start":{"line":91,"column":6},"end":{"line":91,"column":51}},"34":{"start":{"line":94,"column":2},"end":{"line":136,"column":4}},"35":{"start":{"line":126,"column":10},"end":{"line":132,"column":21}},"36":{"start":{"line":128,"column":27},"end":{"line":128,"column":53}}},"fnMap":{"0":{"name":"(anonymous_0)","decl":{"start":{"line":14,"column":17},"end":{"line":14,"column":18}},"loc":{"start":{"line":14,"column":28},"end":{"line":137,"column":1}},"line":14},"1":{"name":"(anonymous_1)","decl":{"start":{"line":47,"column":30},"end":{"line":47,"column":31}},"loc":{"start":{"line":47,"column":41},"end":{"line":47,"column":54}},"line":47},"2":{"name":"(anonymous_2)","decl":{"start":{"line":48,"column":29},"end":{"line":48,"column":30}},"loc":{"start":{"line":48,"column":40},"end":{"line":48,"column":52}},"line":48},"3":{"name":"(anonymous_3)","decl":{"start":{"line":50,"column":30},"end":{"line":50,"column":31}},"loc":{"start":{"line":50,"column":41},"end":{"line":55,"column":3}},"line":50},"4":{"name":"(anonymous_4)","decl":{"start":{"line":56,"column":22},"end":{"line":56,"column":23}},"loc":{"start":{"line":56,"column":33},"end":{"line":60,"column":3}},"line":56},"5":{"name":"(anonymous_5)","decl":{"start":{"line":62,"column":15},"end":{"line":62,"column":16}},"loc":{"start":{"line":62,"column":27},"end":{"line":88,"column":3}},"line":62},"6":{"name":"(anonymous_6)","decl":{"start":{"line":89,"column":23},"end":{"line":89,"column":24}},"loc":{"start":{"line":89,"column":35},"end":{"line":93,"column":3}},"line":89},"7":{"name":"(anonymous_7)","decl":{"start":{"line":125,"column":21},"end":{"line":125,"column":22}},"loc":{"start":{"line":126,"column":10},"end":{"line":132,"column":21}},"line":126},"8":{"name":"(anonymous_8)","decl":{"start":{"line":128,"column":21},"end":{"line":128,"column":22}},"loc":{"start":{"line":128,"column":27},"end":{"line":128,"column":53}},"line":128}},"branchMap":{"0":{"loc":{"start":{"line":63,"column":4},"end":{"line":87,"column":5}},"type":"switch","locations":[{"start":{"line":64,"column":6},"end":{"line":67,"column":7}},{"start":{"line":68,"column":6},"end":{"line":71,"column":7}},{"start":{"line":72,"column":6},"end":{"line":75,"column":7}},{"start":{"line":76,"column":6},"end":{"line":79,"column":7}},{"start":{"line":80,"column":6},"end":{"line":83,"column":7}},{"start":{"line":84,"column":6},"end":{"line":86,"column":7}}],"line":63},"1":{"loc":{"start":{"line":90,"column":4},"end":{"line":92,"column":5}},"type":"if","locations":[{"start":{"line":90,"column":4},"end":{"line":92,"column":5}},{"start":{},"end":{}}],"line":90},"2":{"loc":{"start":{"line":90,"column":8},"end":{"line":90,"column":62}},"type":"binary-expr","locations":[{"start":{"line":90,"column":8},"end":{"line":90,"column":14}},{"start":{"line":90,"column":18},"end":{"line":90,"column":62}}],"line":90},"3":{"loc":{"start":{"line":96,"column":7},"end":{"line":96,"column":39}},"type":"binary-expr","locations":[{"start":{"line":96,"column":7},"end":{"line":96,"column":14}},{"start":{"line":96,"column":18},"end":{"line":96,"column":39}}],"line":96},"4":{"loc":{"start":{"line":100,"column":25},"end":{"line":100,"column":55}},"type":"cond-expr","locations":[{"start":{"line":100,"column":32},"end":{"line":100,"column":43}},{"start":{"line":100,"column":46},"end":{"line":100,"column":55}}],"line":100},"5":{"loc":{"start":{"line":102,"column":25},"end":{"line":102,"column":50}},"type":"cond-expr","locations":[{"start":{"line":102,"column":32},"end":{"line":102,"column":38}},{"start":{"line":102,"column":41},"end":{"line":102,"column":50}}],"line":102}},"s":{"0":3,"1":12,"2":12,"3":12,"4":12,"5":12,"6":12,"7":12,"8":12,"9":12,"10":12,"11":2,"12":2,"13":2,"14":2,"15":12,"16":3,"17":3,"18":12,"19":2,"20":2,"21":2,"22":0,"23":0,"24":0,"25":0,"26":0,"27":0,"28":0,"29":0,"30":0,"31":12,"32":1,"33":0,"34":12,"35":60,"36":2},"f":{"0":12,"1":12,"2":12,"3":2,"4":3,"5":2,"6":1,"7":60,"8":2},"b":{"0":[2,0,0,0,0,0],"1":[0,1],"2":[1,1],"3":[12,1],"4":[3,9],"5":[3,9]},"_coverageSchema":"1a1c01bbd47fc00a2c39e90264f33305004495a9","hash":"82b44c7188c5c993ae7e2d0ae5373f86994b6253"}
,"/Users/lavishbagdia/Downloads/dog-breed-search/src/model/breed.js": {"path":"/Users/lavishbagdia/Downloads/dog-breed-search/src/model/breed.js","statementMap":{"0":{"start":{"line":3,"column":4},"end":{"line":3,"column":28}},"1":{"start":{"line":4,"column":4},"end":{"line":4,"column":48}},"2":{"start":{"line":5,"column":4},"end":{"line":5,"column":32}},"3":{"start":{"line":6,"column":4},"end":{"line":6,"column":45}},"4":{"start":{"line":7,"column":4},"end":{"line":7,"column":41}},"5":{"start":{"line":8,"column":4},"end":{"line":10,"column":58}},"6":{"start":{"line":11,"column":4},"end":{"line":11,"column":46}},"7":{"start":{"line":12,"column":4},"end":{"line":13,"column":71}},"8":{"start":{"line":14,"column":4},"end":{"line":14,"column":45}}},"fnMap":{"0":{"name":"(anonymous_0)","decl":{"start":{"line":2,"column":2},"end":{"line":2,"column":3}},"loc":{"start":{"line":2,"column":25},"end":{"line":15,"column":3}},"line":2}},"branchMap":{"0":{"loc":{"start":{"line":9,"column":6},"end":{"line":10,"column":57}},"type":"binary-expr","locations":[{"start":{"line":9,"column":6},"end":{"line":9,"column":25}},{"start":{"line":10,"column":6},"end":{"line":10,"column":57}}],"line":9},"1":{"loc":{"start":{"line":13,"column":6},"end":{"line":13,"column":70}},"type":"binary-expr","locations":[{"start":{"line":13,"column":6},"end":{"line":13,"column":22}},{"start":{"line":13,"column":26},"end":{"line":13,"column":70}}],"line":13}},"s":{"0":14,"1":14,"2":14,"3":14,"4":14,"5":14,"6":14,"7":14,"8":14},"f":{"0":14},"b":{"0":[14,1],"1":[14,7]},"_coverageSchema":"1a1c01bbd47fc00a2c39e90264f33305004495a9","hash":"6a8cdd8ed1cd5ae76b9399fdd76baec6f7a24771"}
,"/Users/lavishbagdia/Downloads/dog-breed-search/src/reducers/searchReducer.js": {"path":"/Users/lavishbagdia/Downloads/dog-breed-search/src/reducers/searchReducer.js","statementMap":{"0":{"start":{"line":6,"column":21},"end":{"line":10,"column":1}},"1":{"start":{"line":12,"column":22},"end":{"line":37,"column":1}},"2":{"start":{"line":13,"column":2},"end":{"line":36,"column":3}},"3":{"start":{"line":15,"column":6},"end":{"line":19,"column":8}},"4":{"start":{"line":21,"column":6},"end":{"line":26,"column":8}},"5":{"start":{"line":28,"column":6},"end":{"line":33,"column":8}},"6":{"start":{"line":35,"column":6},"end":{"line":35,"column":19}}},"fnMap":{"0":{"name":"(anonymous_0)","decl":{"start":{"line":12,"column":22},"end":{"line":12,"column":23}},"loc":{"start":{"line":12,"column":56},"end":{"line":37,"column":1}},"line":12}},"branchMap":{"0":{"loc":{"start":{"line":12,"column":23},"end":{"line":12,"column":43}},"type":"default-arg","locations":[{"start":{"line":12,"column":31},"end":{"line":12,"column":43}}],"line":12},"1":{"loc":{"start":{"line":13,"column":2},"end":{"line":36,"column":3}},"type":"switch","locations":[{"start":{"line":14,"column":4},"end":{"line":19,"column":8}},{"start":{"line":20,"column":4},"end":{"line":26,"column":8}},{"start":{"line":27,"column":4},"end":{"line":33,"column":8}},{"start":{"line":34,"column":4},"end":{"line":35,"column":19}}],"line":13}},"s":{"0":3,"1":3,"2":9,"3":2,"4":1,"5":1,"6":5},"f":{"0":9},"b":{"0":[3],"1":[2,1,1,5]},"_coverageSchema":"1a1c01bbd47fc00a2c39e90264f33305004495a9","hash":"5862671bebf9d0ce16ba18765a887e7c939a3b31"}
}
