TN:
SF:src/App.js
FN:9,(anonymous_0)
FNF:1
FNH:1
FNDA:2,(anonymous_0)
DA:9,2
DA:10,2
DA:11,2
DA:12,2
LF:4
LH:4
BRF:0
BRH:0
end_of_record
TN:
SF:src/api.js
FN:5,(anonymous_0)
FN:15,(anonymous_1)
FNF:2
FNH:2
FNDA:3,(anonymous_0)
FNDA:3,(anonymous_1)
DA:5,6
DA:6,3
DA:7,3
DA:10,1
DA:12,1
DA:15,6
DA:16,3
DA:17,3
DA:18,3
DA:21,1
LF:10
LH:10
BRDA:17,0,0,3
BRDA:17,0,1,0
BRF:2
BRH:1
end_of_record
TN:
SF:src/constants.js
FNF:0
FNH:0
DA:1,8
LF:1
LH:1
BRF:0
BRH:0
end_of_record
TN:
SF:src/index.js
FNF:0
FNH:0
DA:7,0
DA:8,0
LF:2
LH:0
BRF:0
BRH:0
end_of_record
TN:
SF:src/store.js
FNF:0
FNH:0
DA:6,2
LF:1
LH:1
BRF:0
BRH:0
end_of_record
TN:
SF:src/actions/searchActions.js
FN:9,(anonymous_0)
FN:13,(anonymous_1)
FN:18,(anonymous_2)
FN:23,(anonymous_3)
FN:24,(anonymous_4)
FN:30,(anonymous_5)
FN:41,(anonymous_6)
FN:42,(anonymous_7)
FN:45,(anonymous_8)
FNF:9
FNH:9
FNDA:4,(anonymous_0)
FNDA:4,(anonymous_1)
FNDA:2,(anonymous_2)
FNDA:4,(anonymous_3)
FNDA:3,(anonymous_4)
FNDA:2,(anonymous_5)
FNDA:3,(anonymous_6)
FNDA:3,(anonymous_7)
FNDA:3,(anonymous_8)
DA:5,5
DA:6,5
DA:7,5
DA:9,5
DA:13,5
DA:18,5
DA:23,5
DA:24,4
DA:25,3
DA:26,3
DA:27,3
DA:28,1
DA:30,2
DA:36,1
DA:41,5
DA:42,3
DA:43,3
DA:46,3
DA:47,2
DA:48,1
DA:50,1
DA:51,1
DA:53,0
DA:54,1
DA:55,1
DA:56,0
DA:58,1
DA:59,1
DA:61,0
DA:63,0
LF:30
LH:26
BRDA:46,0,0,2
BRDA:46,0,1,1
BRDA:47,1,0,1
BRDA:47,1,1,1
BRDA:50,2,0,1
BRDA:50,2,1,0
BRDA:54,3,0,1
BRDA:54,3,1,0
BRDA:55,4,0,0
BRDA:55,4,1,1
BRDA:58,5,0,1
BRDA:58,5,1,0
BRF:12
BRH:8
end_of_record
TN:
SF:src/components/BreedData/BreedData.js
FN:4,(anonymous_0)
FN:5,(anonymous_1)
FN:6,(anonymous_2)
FN:7,(anonymous_3)
FN:12,(anonymous_4)
FNF:5
FNH:4
FNDA:5,(anonymous_0)
FNDA:2,(anonymous_1)
FNDA:2,(anonymous_2)
FNDA:2,(anonymous_3)
FNDA:0,(anonymous_4)
DA:4,3
DA:5,5
DA:6,5
DA:7,5
DA:8,5
DA:13,0
LF:6
LH:5
BRDA:10,0,0,5
BRDA:10,0,1,2
BRDA:11,1,0,5
BRDA:11,1,1,1
BRDA:12,2,0,5
BRDA:12,2,1,5
BRDA:12,2,2,0
BRDA:19,3,0,5
BRDA:19,3,1,3
BRDA:19,3,2,3
BRDA:19,3,3,3
BRF:11
BRH:10
end_of_record
TN:
SF:src/components/BreedRow/BreedRow.js
FN:7,(anonymous_0)
FN:10,(anonymous_1)
FNF:2
FNH:2
FNDA:1,(anonymous_0)
FNDA:1,(anonymous_1)
DA:7,3
DA:8,1
DA:10,1
DA:11,1
DA:12,1
DA:13,0
DA:16,1
DA:17,1
DA:20,1
LF:9
LH:8
BRDA:16,0,0,1
BRDA:16,0,1,0
BRDA:16,1,0,1
BRDA:16,1,1,1
BRDA:23,2,0,0
BRDA:23,2,1,1
BRDA:23,3,0,1
BRDA:23,3,1,1
BRDA:30,4,0,1
BRDA:30,4,1,1
BRDA:36,5,0,1
BRDA:36,5,1,1
BRDA:42,6,0,1
BRDA:42,6,1,1
BRDA:48,7,0,1
BRDA:48,7,1,1
BRDA:54,8,0,1
BRDA:54,8,1,1
BRDA:60,9,0,1
BRDA:60,9,1,1
BRF:20
BRH:18
end_of_record
TN:
SF:src/components/ImageWithLoader/ImageWithLoader.js
FN:4,(anonymous_0)
FN:15,(anonymous_1)
FNF:2
FNH:2
FNDA:3,(anonymous_0)
FNDA:1,(anonymous_1)
DA:4,4
DA:5,3
DA:6,3
DA:15,1
LF:4
LH:4
BRDA:8,0,0,1
BRDA:8,0,1,2
BRDA:13,1,0,1
BRDA:13,1,1,2
BRF:4
BRH:4
end_of_record
TN:
SF:src/components/SearchInput/SearchInput.js
FN:7,(anonymous_0)
FN:11,(anonymous_1)
FN:14,(anonymous_2)
FNF:3
FNH:2
FNDA:5,(anonymous_0)
FNDA:0,(anonymous_1)
FNDA:1,(anonymous_2)
DA:7,3
DA:8,5
DA:9,5
DA:11,5
DA:12,0
DA:14,5
DA:15,1
DA:16,1
DA:17,1
DA:19,5
LF:10
LH:9
BRF:0
BRH:0
end_of_record
TN:
SF:src/components/SortMenu/SortMenu.js
FN:14,(anonymous_0)
FN:47,(anonymous_1)
FN:48,(anonymous_2)
FN:50,(anonymous_3)
FN:56,(anonymous_4)
FN:62,(anonymous_5)
FN:89,(anonymous_6)
FN:125,(anonymous_7)
FN:128,(anonymous_8)
FNF:9
FNH:9
FNDA:12,(anonymous_0)
FNDA:12,(anonymous_1)
FNDA:12,(anonymous_2)
FNDA:2,(anonymous_3)
FNDA:3,(anonymous_4)
FNDA:2,(anonymous_5)
FNDA:1,(anonymous_6)
FNDA:60,(anonymous_7)
FNDA:2,(anonymous_8)
DA:14,3
DA:15,12
DA:17,12
DA:44,12
DA:45,12
DA:46,12
DA:47,12
DA:48,12
DA:50,12
DA:51,2
DA:52,2
DA:53,2
DA:54,2
DA:56,12
DA:57,3
DA:58,3
DA:62,12
DA:63,2
DA:65,2
DA:66,2
DA:69,0
DA:70,0
DA:73,0
DA:74,0
DA:77,0
DA:78,0
DA:81,0
DA:82,0
DA:85,0
DA:89,12
DA:90,1
DA:91,0
DA:94,12
DA:126,60
DA:128,2
LF:35
LH:25
BRDA:63,0,0,2
BRDA:63,0,1,0
BRDA:63,0,2,0
BRDA:63,0,3,0
BRDA:63,0,4,0
BRDA:63,0,5,0
BRDA:90,1,0,0
BRDA:90,1,1,1
BRDA:90,2,0,1
BRDA:90,2,1,1
BRDA:96,3,0,12
BRDA:96,3,1,1
BRDA:100,4,0,3
BRDA:100,4,1,9
BRDA:102,5,0,3
BRDA:102,5,1,9
BRF:16
BRH:10
end_of_record
TN:
SF:src/model/breed.js
FN:2,(anonymous_0)
FNF:1
FNH:1
FNDA:14,(anonymous_0)
DA:3,14
DA:4,14
DA:5,14
DA:6,14
DA:7,14
DA:8,14
DA:11,14
DA:12,14
DA:14,14
LF:9
LH:9
BRDA:9,0,0,14
BRDA:9,0,1,1
BRDA:13,1,0,14
BRDA:13,1,1,7
BRF:4
BRH:4
end_of_record
TN:
SF:src/reducers/searchReducer.js
FN:12,(anonymous_0)
FNF:1
FNH:1
FNDA:9,(anonymous_0)
DA:6,3
DA:12,3
DA:13,9
DA:15,2
DA:21,1
DA:28,1
DA:35,5
LF:7
LH:7
BRDA:12,0,0,3
BRDA:13,1,0,2
BRDA:13,1,1,1
BRDA:13,1,2,1
BRDA:13,1,3,5
BRF:5
BRH:5
end_of_record
